  [1m[35m (417.1ms)[0m  [1m[35mCREATE DATABASE "music_app_development" ENCODING = 'unicode'[0m
  ↳ bin/rails:9
  [1m[35m (314.4ms)[0m  [1m[35mCREATE DATABASE "music_app_test" ENCODING = 'unicode'[0m
  ↳ bin/rails:9
  [1m[35m (1.3ms)[0m  [1m[35mCREATE DATABASE "music_app_development" ENCODING = 'unicode'[0m
  ↳ bin/rails:9
  [1m[35m (1.5ms)[0m  [1m[35mCREATE DATABASE "music_app_test" ENCODING = 'unicode'[0m
  ↳ bin/rails:9
  [1m[35m (17.0ms)[0m  [1m[35mCREATE TABLE "schema_migrations" ("version" character varying NOT NULL PRIMARY KEY)[0m
  ↳ bin/rails:9
  [1m[35m (4.5ms)[0m  [1m[35mCREATE TABLE "ar_internal_metadata" ("key" character varying NOT NULL PRIMARY KEY, "value" character varying, "created_at" timestamp NOT NULL, "updated_at" timestamp NOT NULL)[0m
  ↳ bin/rails:9
  [1m[35m (1.0ms)[0m  [1m[34mSELECT pg_try_advisory_lock(4505726345591715405)[0m
  ↳ bin/rails:9
  [1m[35m (0.6ms)[0m  [1m[34mSELECT "schema_migrations"."version" FROM "schema_migrations" ORDER BY "schema_migrations"."version" ASC[0m
  ↳ bin/rails:9
Migrating to CreateUsers (20180712172011)
  [1m[35m (0.2ms)[0m  [1m[35mBEGIN[0m
  ↳ bin/rails:9
  [1m[35m (6.3ms)[0m  [1m[35mCREATE TABLE "users" ("id" bigserial primary key, "email" character varying NOT NULL, "password_digest" character varying NOT NULL, "session_token" character varying NOT NULL)[0m
  ↳ db/migrate/20180712172011_create_users.rb:3
  [1m[35m (1.1ms)[0m  [1m[35mCREATE UNIQUE INDEX  "index_users_on_email" ON "users"  ("email")[0m
  ↳ db/migrate/20180712172011_create_users.rb:8
  [1m[35m (1.1ms)[0m  [1m[35mCREATE  INDEX  "index_users_on_session_token" ON "users"  ("session_token")[0m
  ↳ db/migrate/20180712172011_create_users.rb:9
  [1m[36mActiveRecord::SchemaMigration Create (1.3ms)[0m  [1m[32mINSERT INTO "schema_migrations" ("version") VALUES ($1) RETURNING "version"[0m  [["version", "20180712172011"]]
  ↳ bin/rails:9
  [1m[35m (0.6ms)[0m  [1m[35mCOMMIT[0m
  ↳ bin/rails:9
  [1m[36mActiveRecord::InternalMetadata Load (0.3ms)[0m  [1m[34mSELECT  "ar_internal_metadata".* FROM "ar_internal_metadata" WHERE "ar_internal_metadata"."key" = $1 LIMIT $2[0m  [["key", "environment"], ["LIMIT", 1]]
  ↳ bin/rails:9
  [1m[35m (0.1ms)[0m  [1m[35mBEGIN[0m
  ↳ bin/rails:9
  [1m[36mActiveRecord::InternalMetadata Create (1.1ms)[0m  [1m[32mINSERT INTO "ar_internal_metadata" ("key", "value", "created_at", "updated_at") VALUES ($1, $2, $3, $4) RETURNING "key"[0m  [["key", "environment"], ["value", "development"], ["created_at", "2018-07-12 17:31:18.544498"], ["updated_at", "2018-07-12 17:31:18.544498"]]
  ↳ bin/rails:9
  [1m[35m (0.5ms)[0m  [1m[35mCOMMIT[0m
  ↳ bin/rails:9
  [1m[35m (0.2ms)[0m  [1m[34mSELECT pg_advisory_unlock(4505726345591715405)[0m
  ↳ bin/rails:9
  [1m[35m (0.2ms)[0m  [1m[34mSELECT "schema_migrations"."version" FROM "schema_migrations" ORDER BY "schema_migrations"."version" ASC[0m
  ↳ bin/rails:9
  [1m[36mUser Load (0.8ms)[0m  [1m[34mSELECT "users".* FROM "users"[0m
  [1m[36mUser Load (0.7ms)[0m  [1m[34mSELECT  "users".* FROM "users" WHERE "users"."email" = $1 LIMIT $2[0m  [["email", "rich@rich.io"], ["LIMIT", 1]]
  [1m[35m (0.2ms)[0m  [1m[35mBEGIN[0m
  [1m[36mUser Exists (0.4ms)[0m  [1m[34mSELECT  1 AS one FROM "users" WHERE "users"."email" = $1 LIMIT $2[0m  [["email", "rich@rich.io"], ["LIMIT", 1]]
  [1m[36mUser Create (1.1ms)[0m  [1m[32mINSERT INTO "users" ("email", "password_digest", "session_token") VALUES ($1, $2, $3) RETURNING "id"[0m  [["email", "rich@rich.io"], ["password_digest", "$2a$10$1hNEkwVh02rl/Un.KfmyXu2zQ9gehdI3CHDrZQirxCdeoOkZDZQKi"], ["session_token", "3_FUv8v4IG6ycnE5VDpZNA"]]
  [1m[35m (5.8ms)[0m  [1m[35mCOMMIT[0m
  [1m[36mUser Load (0.5ms)[0m  [1m[34mSELECT  "users".* FROM "users" WHERE "users"."email" = $1 LIMIT $2[0m  [["email", "rich@rich.io"], ["LIMIT", 1]]
  [1m[36mUser Load (0.3ms)[0m  [1m[34mSELECT "users".* FROM "users"[0m
  [1m[36mUser Load (0.3ms)[0m  [1m[34mSELECT  "users".* FROM "users" ORDER BY "users"."id" ASC LIMIT $1[0m  [["LIMIT", 1]]
  [1m[36mUser Load (0.4ms)[0m  [1m[34mSELECT  "users".* FROM "users" WHERE "users"."email" = $1 LIMIT $2[0m  [["email", "rich@rich.io"], ["LIMIT", 1]]
  [1m[36mUser Load (0.5ms)[0m  [1m[34mSELECT  "users".* FROM "users" WHERE "users"."email" = $1 LIMIT $2[0m  [["email", "rich@rich.io"], ["LIMIT", 1]]
  [1m[36mUser Load (0.5ms)[0m  [1m[34mSELECT  "users".* FROM "users" WHERE "users"."email" = $1 LIMIT $2[0m  [["email", "rich@rich.io"], ["LIMIT", 1]]
Started GET "/" for 127.0.0.1 at 2018-07-12 11:57:05 -0700
  [1m[35m (0.7ms)[0m  [1m[34mSELECT "schema_migrations"."version" FROM "schema_migrations" ORDER BY "schema_migrations"."version" ASC[0m
  ↳ /Users/richardma/.rbenv/versions/2.5.0/lib/ruby/gems/2.5.0/gems/activerecord-5.2.0/lib/active_record/log_subscriber.rb:98
Processing by Rails::WelcomeController#index as HTML
  Rendering /Users/richardma/.rbenv/versions/2.5.0/lib/ruby/gems/2.5.0/gems/railties-5.2.0/lib/rails/templates/rails/welcome/index.html.erb
  Rendered /Users/richardma/.rbenv/versions/2.5.0/lib/ruby/gems/2.5.0/gems/railties-5.2.0/lib/rails/templates/rails/welcome/index.html.erb (3.8ms)
Completed 200 OK in 27ms (Views: 12.4ms | ActiveRecord: 0.0ms)


Started GET "/users/new" for 127.0.0.1 at 2018-07-12 11:57:25 -0700
Processing by UsersController#new as HTML
Completed 500 Internal Server Error in 21ms (ActiveRecord: 7.5ms)



ActionView::MissingTemplate - Missing template users/new, application/new with {:locale=>[:en], :formats=>[:html], :variants=>[], :handlers=>[:raw, :erb, :html, :builder, :ruby, :coffee, :jbuilder]}. Searched in:
  * "/Users/richardma/Desktop/w4d4/app/views"
:
  app/controllers/users_controller.rb:5:in `new'

Started POST "/__better_errors/9bf87273d192a619/variables" for 127.0.0.1 at 2018-07-12 11:57:25 -0700
Started GET "/" for 127.0.0.1 at 2018-07-12 14:03:51 -0700
Started GET "/users/new" for 127.0.0.1 at 2018-07-12 14:04:01 -0700
Processing by Rails::WelcomeController#index as HTML
  Rendering /Users/richardma/.rbenv/versions/2.5.0/lib/ruby/gems/2.5.0/gems/railties-5.2.0/lib/rails/templates/rails/welcome/index.html.erb
  Rendered /Users/richardma/.rbenv/versions/2.5.0/lib/ruby/gems/2.5.0/gems/railties-5.2.0/lib/rails/templates/rails/welcome/index.html.erb (1.9ms)
Completed 200 OK in 9ms (Views: 5.7ms | ActiveRecord: 0.0ms)


Processing by UsersController#new as HTML
  Rendering users/new.html.erb within layouts/application
  Rendered users/new.html.erb within layouts/application (0.3ms)
Completed 500 Internal Server Error in 204ms (ActiveRecord: 9.1ms)



Sprockets::FileNotFound - couldn't find file 'activestorage' with type 'application/javascript'
Checked in these paths: 
  /Users/richardma/Desktop/w4d4/app/assets/config
  /Users/richardma/Desktop/w4d4/app/assets/images
  /Users/richardma/Desktop/w4d4/app/assets/javascripts
  /Users/richardma/Desktop/w4d4/app/assets/stylesheets
  /Users/richardma/.rbenv/versions/2.5.0/lib/ruby/gems/2.5.0/gems/coffee-rails-4.2.2/lib/assets/javascripts
  /Users/richardma/.rbenv/versions/2.5.0/lib/ruby/gems/2.5.0/gems/actioncable-5.2.0/lib/assets/compiled
  /Users/richardma/.rbenv/versions/2.5.0/lib/ruby/gems/2.5.0/gems/actionview-5.2.0/lib/assets/compiled
  /Users/richardma/.rbenv/versions/2.5.0/lib/ruby/gems/2.5.0/gems/turbolinks-source-5.1.0/lib/assets/javascripts
  /Users/richardma/Desktop/w4d4/node_modules:
  app/views/layouts/application.html.erb:8:in `_app_views_layouts_application_html_erb___4165639776440983575_70339912342940'
  app/controllers/users_controller.rb:5:in `new'

Started POST "/__better_errors/71599ed409f6d11a/variables" for 127.0.0.1 at 2018-07-12 14:04:02 -0700
Started GET "/users/new" for 127.0.0.1 at 2018-07-12 14:05:44 -0700
Processing by UsersController#new as HTML
  Rendering users/new.html.erb within layouts/application
  Rendered users/_form.html.erb (0.9ms)
  Rendered users/new.html.erb within layouts/application (3.4ms)
Completed 500 Internal Server Error in 10ms (ActiveRecord: 0.0ms)



SyntaxError - syntax error, unexpected keyword_ensure, expecting keyword_end
          ensure
          ^~~~~~
/Users/richardma/Desktop/w4d4/app/views/users/_form.html.erb:25: syntax error, unexpected end-of-input, expecting keyword_end
          end
             ^:
  app/views/users/_form.html.erb:23:in `'
  app/views/users/new.html.erb:2:in `_app_views_users_new_html_erb___4119636996650532290_70339963124200'
  app/controllers/users_controller.rb:5:in `new'

Started POST "/__better_errors/769bee11ba02ef69/variables" for 127.0.0.1 at 2018-07-12 14:05:45 -0700
Started GET "/users/new" for 127.0.0.1 at 2018-07-12 14:06:12 -0700
Processing by UsersController#new as HTML
  Rendering users/new.html.erb within layouts/application
  Rendered users/_form.html.erb (0.3ms)
  Rendered users/new.html.erb within layouts/application (2.3ms)
Completed 500 Internal Server Error in 14ms (ActiveRecord: 0.0ms)



Sprockets::FileNotFound - couldn't find file 'activestorage' with type 'application/javascript'
Checked in these paths: 
  /Users/richardma/Desktop/w4d4/app/assets/config
  /Users/richardma/Desktop/w4d4/app/assets/images
  /Users/richardma/Desktop/w4d4/app/assets/javascripts
  /Users/richardma/Desktop/w4d4/app/assets/stylesheets
  /Users/richardma/.rbenv/versions/2.5.0/lib/ruby/gems/2.5.0/gems/coffee-rails-4.2.2/lib/assets/javascripts
  /Users/richardma/.rbenv/versions/2.5.0/lib/ruby/gems/2.5.0/gems/actioncable-5.2.0/lib/assets/compiled
  /Users/richardma/.rbenv/versions/2.5.0/lib/ruby/gems/2.5.0/gems/actionview-5.2.0/lib/assets/compiled
  /Users/richardma/.rbenv/versions/2.5.0/lib/ruby/gems/2.5.0/gems/turbolinks-source-5.1.0/lib/assets/javascripts
  /Users/richardma/Desktop/w4d4/node_modules:
  app/views/layouts/application.html.erb:8:in `_app_views_layouts_application_html_erb___4165639776440983575_70339914821480'
  app/controllers/users_controller.rb:5:in `new'

Started POST "/__better_errors/8ee473e211f2a357/variables" for 127.0.0.1 at 2018-07-12 14:06:12 -0700
Started POST "/__better_errors/8ee473e211f2a357/variables" for 127.0.0.1 at 2018-07-12 14:06:22 -0700
Started GET "/" for 127.0.0.1 at 2018-07-12 14:09:10 -0700
Processing by Rails::WelcomeController#index as HTML
  Rendering /Users/richardma/.rbenv/versions/2.5.0/lib/ruby/gems/2.5.0/gems/railties-5.2.0/lib/rails/templates/rails/welcome/index.html.erb
  Rendered /Users/richardma/.rbenv/versions/2.5.0/lib/ruby/gems/2.5.0/gems/railties-5.2.0/lib/rails/templates/rails/welcome/index.html.erb (2.5ms)
Completed 200 OK in 11ms (Views: 6.6ms | ActiveRecord: 0.0ms)


Started GET "/sessions/new" for 127.0.0.1 at 2018-07-12 14:09:19 -0700
  
ActionController::RoutingError (No route matches [GET] "/sessions/new"):
  
actionpack (5.2.0) lib/action_dispatch/middleware/debug_exceptions.rb:65:in `call'
web-console (3.6.2) lib/web_console/middleware.rb:135:in `call_app'
web-console (3.6.2) lib/web_console/middleware.rb:30:in `block in call'
web-console (3.6.2) lib/web_console/middleware.rb:20:in `catch'
web-console (3.6.2) lib/web_console/middleware.rb:20:in `call'
actionpack (5.2.0) lib/action_dispatch/middleware/show_exceptions.rb:33:in `call'
railties (5.2.0) lib/rails/rack/logger.rb:38:in `call_app'
railties (5.2.0) lib/rails/rack/logger.rb:26:in `block in call'
activesupport (5.2.0) lib/active_support/tagged_logging.rb:71:in `block in tagged'
activesupport (5.2.0) lib/active_support/tagged_logging.rb:28:in `tagged'
activesupport (5.2.0) lib/active_support/tagged_logging.rb:71:in `tagged'
railties (5.2.0) lib/rails/rack/logger.rb:26:in `call'
sprockets-rails (3.2.1) lib/sprockets/rails/quiet_assets.rb:13:in `call'
actionpack (5.2.0) lib/action_dispatch/middleware/remote_ip.rb:81:in `call'
actionpack (5.2.0) lib/action_dispatch/middleware/request_id.rb:27:in `call'
rack (2.0.5) lib/rack/method_override.rb:22:in `call'
rack (2.0.5) lib/rack/runtime.rb:22:in `call'
activesupport (5.2.0) lib/active_support/cache/strategy/local_cache_middleware.rb:29:in `call'
actionpack (5.2.0) lib/action_dispatch/middleware/executor.rb:14:in `call'
actionpack (5.2.0) lib/action_dispatch/middleware/static.rb:127:in `call'
rack (2.0.5) lib/rack/sendfile.rb:111:in `call'
railties (5.2.0) lib/rails/engine.rb:524:in `call'
puma (3.11.4) lib/puma/configuration.rb:225:in `call'
puma (3.11.4) lib/puma/server.rb:632:in `handle_request'
puma (3.11.4) lib/puma/server.rb:446:in `process_client'
puma (3.11.4) lib/puma/server.rb:306:in `block in run'
puma (3.11.4) lib/puma/thread_pool.rb:120:in `block in spawn_thread'
Started GET "/session/new" for 127.0.0.1 at 2018-07-12 14:09:39 -0700

SyntaxError - syntax error, unexpected end-of-input, expecting keyword_end:
  app/controllers/sessions_controller.rb:27:in `'

Started POST "/__better_errors/135d61af71ae14f2/variables" for 127.0.0.1 at 2018-07-12 14:09:39 -0700
Started GET "/session/new" for 127.0.0.1 at 2018-07-12 14:09:52 -0700
Processing by SessionsController#new as HTML
  Rendering sessions/new.html.erb within layouts/application
  Rendered users/_form.html.erb (0.6ms)
  Rendered sessions/new.html.erb within layouts/application (4.5ms)
Completed 500 Internal Server Error in 31ms (ActiveRecord: 5.5ms)



Sprockets::FileNotFound - couldn't find file 'activestorage' with type 'application/javascript'
Checked in these paths: 
  /Users/richardma/Desktop/w4d4/app/assets/config
  /Users/richardma/Desktop/w4d4/app/assets/images
  /Users/richardma/Desktop/w4d4/app/assets/javascripts
  /Users/richardma/Desktop/w4d4/app/assets/stylesheets
  /Users/richardma/.rbenv/versions/2.5.0/lib/ruby/gems/2.5.0/gems/coffee-rails-4.2.2/lib/assets/javascripts
  /Users/richardma/.rbenv/versions/2.5.0/lib/ruby/gems/2.5.0/gems/actioncable-5.2.0/lib/assets/compiled
  /Users/richardma/.rbenv/versions/2.5.0/lib/ruby/gems/2.5.0/gems/actionview-5.2.0/lib/assets/compiled
  /Users/richardma/.rbenv/versions/2.5.0/lib/ruby/gems/2.5.0/gems/turbolinks-source-5.1.0/lib/assets/javascripts
  /Users/richardma/Desktop/w4d4/node_modules:
  app/views/layouts/application.html.erb:8:in `_app_views_layouts_application_html_erb___4165639776440983575_70339916290900'
  app/controllers/sessions_controller.rb:5:in `new'

Started POST "/__better_errors/c1ca5755b28b43fc/variables" for 127.0.0.1 at 2018-07-12 14:09:53 -0700
Started GET "/session/new" for 127.0.0.1 at 2018-07-12 14:09:55 -0700
Processing by SessionsController#new as HTML
  Rendering sessions/new.html.erb within layouts/application
  Rendered users/_form.html.erb (0.5ms)
  Rendered sessions/new.html.erb within layouts/application (3.1ms)
Completed 500 Internal Server Error in 17ms (ActiveRecord: 0.0ms)



Sprockets::FileNotFound - couldn't find file 'activestorage' with type 'application/javascript'
Checked in these paths: 
  /Users/richardma/Desktop/w4d4/app/assets/config
  /Users/richardma/Desktop/w4d4/app/assets/images
  /Users/richardma/Desktop/w4d4/app/assets/javascripts
  /Users/richardma/Desktop/w4d4/app/assets/stylesheets
  /Users/richardma/.rbenv/versions/2.5.0/lib/ruby/gems/2.5.0/gems/coffee-rails-4.2.2/lib/assets/javascripts
  /Users/richardma/.rbenv/versions/2.5.0/lib/ruby/gems/2.5.0/gems/actioncable-5.2.0/lib/assets/compiled
  /Users/richardma/.rbenv/versions/2.5.0/lib/ruby/gems/2.5.0/gems/actionview-5.2.0/lib/assets/compiled
  /Users/richardma/.rbenv/versions/2.5.0/lib/ruby/gems/2.5.0/gems/turbolinks-source-5.1.0/lib/assets/javascripts
  /Users/richardma/Desktop/w4d4/node_modules:
  app/views/layouts/application.html.erb:8:in `_app_views_layouts_application_html_erb___4165639776440983575_70339911181760'
  app/controllers/sessions_controller.rb:5:in `new'

Started POST "/__better_errors/e210a8f81ecd82b1/variables" for 127.0.0.1 at 2018-07-12 14:09:55 -0700
Started POST "/__better_errors/e210a8f81ecd82b1/variables" for 127.0.0.1 at 2018-07-12 14:10:00 -0700
Started GET "/session/new" for 127.0.0.1 at 2018-07-12 14:10:04 -0700
Processing by SessionsController#new as HTML
  Rendering sessions/new.html.erb within layouts/application
  Rendered users/_form.html.erb (0.3ms)
  Rendered sessions/new.html.erb within layouts/application (2.5ms)
Completed 500 Internal Server Error in 16ms (ActiveRecord: 0.0ms)



Sprockets::FileNotFound - couldn't find file 'activestorage' with type 'application/javascript'
Checked in these paths: 
  /Users/richardma/Desktop/w4d4/app/assets/config
  /Users/richardma/Desktop/w4d4/app/assets/images
  /Users/richardma/Desktop/w4d4/app/assets/javascripts
  /Users/richardma/Desktop/w4d4/app/assets/stylesheets
  /Users/richardma/.rbenv/versions/2.5.0/lib/ruby/gems/2.5.0/gems/coffee-rails-4.2.2/lib/assets/javascripts
  /Users/richardma/.rbenv/versions/2.5.0/lib/ruby/gems/2.5.0/gems/actioncable-5.2.0/lib/assets/compiled
  /Users/richardma/.rbenv/versions/2.5.0/lib/ruby/gems/2.5.0/gems/actionview-5.2.0/lib/assets/compiled
  /Users/richardma/.rbenv/versions/2.5.0/lib/ruby/gems/2.5.0/gems/turbolinks-source-5.1.0/lib/assets/javascripts
  /Users/richardma/Desktop/w4d4/node_modules:
  app/views/layouts/application.html.erb:8:in `_app_views_layouts_application_html_erb___4165639776440983575_70339972265700'
  app/controllers/sessions_controller.rb:5:in `new'

Started POST "/__better_errors/167c9b3454cc4c2a/variables" for 127.0.0.1 at 2018-07-12 14:10:04 -0700
Started GET "/session/new" for 127.0.0.1 at 2018-07-12 14:10:05 -0700
Processing by SessionsController#new as HTML
  Rendering sessions/new.html.erb within layouts/application
  Rendered users/_form.html.erb (0.4ms)
  Rendered sessions/new.html.erb within layouts/application (2.6ms)
Completed 500 Internal Server Error in 15ms (ActiveRecord: 0.0ms)



Sprockets::FileNotFound - couldn't find file 'activestorage' with type 'application/javascript'
Checked in these paths: 
  /Users/richardma/Desktop/w4d4/app/assets/config
  /Users/richardma/Desktop/w4d4/app/assets/images
  /Users/richardma/Desktop/w4d4/app/assets/javascripts
  /Users/richardma/Desktop/w4d4/app/assets/stylesheets
  /Users/richardma/.rbenv/versions/2.5.0/lib/ruby/gems/2.5.0/gems/coffee-rails-4.2.2/lib/assets/javascripts
  /Users/richardma/.rbenv/versions/2.5.0/lib/ruby/gems/2.5.0/gems/actioncable-5.2.0/lib/assets/compiled
  /Users/richardma/.rbenv/versions/2.5.0/lib/ruby/gems/2.5.0/gems/actionview-5.2.0/lib/assets/compiled
  /Users/richardma/.rbenv/versions/2.5.0/lib/ruby/gems/2.5.0/gems/turbolinks-source-5.1.0/lib/assets/javascripts
  /Users/richardma/Desktop/w4d4/node_modules:
  app/views/layouts/application.html.erb:8:in `_app_views_layouts_application_html_erb___4165639776440983575_70339980637140'
  app/controllers/sessions_controller.rb:5:in `new'

Started POST "/__better_errors/5f757a127cfc6a94/variables" for 127.0.0.1 at 2018-07-12 14:10:05 -0700
Started POST "/__better_errors/5f757a127cfc6a94/variables" for 127.0.0.1 at 2018-07-12 14:10:22 -0700
Started GET "/session/new" for 127.0.0.1 at 2018-07-12 14:10:34 -0700
Processing by SessionsController#new as HTML
  Rendering sessions/new.html.erb within layouts/application
  Rendered users/_form.html.erb (0.4ms)
  Rendered sessions/new.html.erb within layouts/application (2.7ms)
Completed 500 Internal Server Error in 34867ms (ActiveRecord: 5.3ms)



Sprockets::FileNotFound - couldn't find file 'activestorage' with type 'application/javascript'
Checked in these paths: 
  /Users/richardma/Desktop/w4d4/app/assets/config
  /Users/richardma/Desktop/w4d4/app/assets/images
  /Users/richardma/Desktop/w4d4/app/assets/javascripts
  /Users/richardma/Desktop/w4d4/app/assets/stylesheets
  /Users/richardma/.rbenv/versions/2.5.0/lib/ruby/gems/2.5.0/gems/coffee-rails-4.2.2/lib/assets/javascripts
  /Users/richardma/.rbenv/versions/2.5.0/lib/ruby/gems/2.5.0/gems/actioncable-5.2.0/lib/assets/compiled
  /Users/richardma/.rbenv/versions/2.5.0/lib/ruby/gems/2.5.0/gems/actionview-5.2.0/lib/assets/compiled
  /Users/richardma/.rbenv/versions/2.5.0/lib/ruby/gems/2.5.0/gems/turbolinks-source-5.1.0/lib/assets/javascripts
  /Users/richardma/Desktop/w4d4/node_modules:
  app/views/layouts/application.html.erb:8:in `_app_views_layouts_application_html_erb___4165639776440983575_70339980052060'
  app/controllers/sessions_controller.rb:6:in `new'

Started POST "/__better_errors/2c5065a3ae457a0b/variables" for 127.0.0.1 at 2018-07-12 14:11:09 -0700
Started GET "/" for 127.0.0.1 at 2018-07-12 14:12:41 -0700
  [1m[35m (0.6ms)[0m  [1m[34mSELECT "schema_migrations"."version" FROM "schema_migrations" ORDER BY "schema_migrations"."version" ASC[0m
  ↳ /Users/richardma/.rbenv/versions/2.5.0/lib/ruby/gems/2.5.0/gems/activerecord-5.2.0/lib/active_record/log_subscriber.rb:98
Processing by Rails::WelcomeController#index as HTML
  Rendering /Users/richardma/.rbenv/versions/2.5.0/lib/ruby/gems/2.5.0/gems/railties-5.2.0/lib/rails/templates/rails/welcome/index.html.erb
  Rendered /Users/richardma/.rbenv/versions/2.5.0/lib/ruby/gems/2.5.0/gems/railties-5.2.0/lib/rails/templates/rails/welcome/index.html.erb (3.5ms)
Completed 200 OK in 21ms (Views: 9.7ms | ActiveRecord: 0.0ms)


Started GET "/session/new" for 127.0.0.1 at 2018-07-12 14:12:46 -0700
Processing by SessionsController#new as HTML
  Rendering sessions/new.html.erb within layouts/application
  Rendered users/_form.html.erb (0.4ms)
  Rendered sessions/new.html.erb within layouts/application (2.5ms)
Completed 200 OK in 3949ms (Views: 214.5ms | ActiveRecord: 7.2ms)


Started GET "/session/new" for 127.0.0.1 at 2018-07-12 14:13:15 -0700
Processing by SessionsController#new as HTML
Started GET "/session/new" for 127.0.0.1 at 2018-07-12 14:13:22 -0700
  Rendering sessions/new.html.erb within layouts/application
Started GET "/session/new" for 127.0.0.1 at 2018-07-12 14:13:22 -0700
  Rendered users/_form.html.erb (0.4ms)
  Rendered sessions/new.html.erb within layouts/application (3.6ms)
Processing by SessionsController#new as HTML
Processing by SessionsController#new as HTML
  Rendering sessions/new.html.erb within layouts/application
  Rendered users/_form.html.erb (0.4ms)
  Rendered sessions/new.html.erb within layouts/application (6.2ms)
  Rendering sessions/new.html.erb within layouts/application
  Rendered users/_form.html.erb (0.0ms)
  Rendered sessions/new.html.erb within layouts/application (2.4ms)
Completed 200 OK in 7317ms (Views: 792.0ms | ActiveRecord: 0.0ms)


Completed 200 OK in 785ms (Views: 285.9ms | ActiveRecord: 0.0ms)


Completed 200 OK in 288ms (Views: 59.0ms | ActiveRecord: 0.0ms)


Started GET "/session/new" for 127.0.0.1 at 2018-07-12 14:13:47 -0700
Processing by SessionsController#new as HTML
  Rendering sessions/new.html.erb within layouts/application
  Rendered users/_form.html.erb (0.4ms)
  Rendered sessions/new.html.erb within layouts/application (2.7ms)
Completed 200 OK in 46ms (Views: 27.2ms | ActiveRecord: 9.4ms)


Started GET "/session/new" for 127.0.0.1 at 2018-07-12 14:14:22 -0700
Processing by SessionsController#new as HTML
  Rendering sessions/new.html.erb within layouts/application
  Rendered users/_form.html.erb (0.4ms)
  Rendered sessions/new.html.erb within layouts/application (3.0ms)
Completed 200 OK in 27ms (Views: 25.9ms | ActiveRecord: 0.0ms)


Started GET "/session/new" for 127.0.0.1 at 2018-07-12 14:14:33 -0700
Processing by SessionsController#new as HTML
  Rendering sessions/new.html.erb within layouts/application
  Rendered users/_form.html.erb (0.6ms)
  Rendered sessions/new.html.erb within layouts/application (3.3ms)
Completed 200 OK in 35ms (Views: 34.3ms | ActiveRecord: 0.0ms)


Started GET "/users/new" for 127.0.0.1 at 2018-07-12 14:24:54 -0700
Processing by UsersController#new as HTML
  Rendering users/new.html.erb within layouts/application
  Rendered users/_form.html.erb (0.4ms)
  Rendered users/new.html.erb within layouts/application (2.6ms)
Completed 200 OK in 38ms (Views: 22.1ms | ActiveRecord: 9.4ms)


Started POST "/users/users_url" for 127.0.0.1 at 2018-07-12 14:26:50 -0700
  
ActionController::RoutingError (No route matches [POST] "/users/users_url"):
  
actionpack (5.2.0) lib/action_dispatch/middleware/debug_exceptions.rb:65:in `call'
web-console (3.6.2) lib/web_console/middleware.rb:135:in `call_app'
web-console (3.6.2) lib/web_console/middleware.rb:30:in `block in call'
web-console (3.6.2) lib/web_console/middleware.rb:20:in `catch'
web-console (3.6.2) lib/web_console/middleware.rb:20:in `call'
actionpack (5.2.0) lib/action_dispatch/middleware/show_exceptions.rb:33:in `call'
railties (5.2.0) lib/rails/rack/logger.rb:38:in `call_app'
railties (5.2.0) lib/rails/rack/logger.rb:26:in `block in call'
activesupport (5.2.0) lib/active_support/tagged_logging.rb:71:in `block in tagged'
activesupport (5.2.0) lib/active_support/tagged_logging.rb:28:in `tagged'
activesupport (5.2.0) lib/active_support/tagged_logging.rb:71:in `tagged'
railties (5.2.0) lib/rails/rack/logger.rb:26:in `call'
sprockets-rails (3.2.1) lib/sprockets/rails/quiet_assets.rb:13:in `call'
actionpack (5.2.0) lib/action_dispatch/middleware/remote_ip.rb:81:in `call'
actionpack (5.2.0) lib/action_dispatch/middleware/request_id.rb:27:in `call'
rack (2.0.5) lib/rack/method_override.rb:22:in `call'
rack (2.0.5) lib/rack/runtime.rb:22:in `call'
activesupport (5.2.0) lib/active_support/cache/strategy/local_cache_middleware.rb:29:in `call'
actionpack (5.2.0) lib/action_dispatch/middleware/executor.rb:14:in `call'
actionpack (5.2.0) lib/action_dispatch/middleware/static.rb:127:in `call'
rack (2.0.5) lib/rack/sendfile.rb:111:in `call'
railties (5.2.0) lib/rails/engine.rb:524:in `call'
puma (3.11.4) lib/puma/configuration.rb:225:in `call'
puma (3.11.4) lib/puma/server.rb:632:in `handle_request'
puma (3.11.4) lib/puma/server.rb:446:in `process_client'
puma (3.11.4) lib/puma/server.rb:306:in `block in run'
puma (3.11.4) lib/puma/thread_pool.rb:120:in `block in spawn_thread'
  [1m[36mUser Load (0.8ms)[0m  [1m[34mSELECT "users".* FROM "users"[0m
Started GET "/user_url" for 127.0.0.1 at 2018-07-12 14:29:28 -0700
  
ActionController::RoutingError (No route matches [GET] "/user_url"):
  
actionpack (5.2.0) lib/action_dispatch/middleware/debug_exceptions.rb:65:in `call'
web-console (3.6.2) lib/web_console/middleware.rb:135:in `call_app'
web-console (3.6.2) lib/web_console/middleware.rb:30:in `block in call'
web-console (3.6.2) lib/web_console/middleware.rb:20:in `catch'
web-console (3.6.2) lib/web_console/middleware.rb:20:in `call'
actionpack (5.2.0) lib/action_dispatch/middleware/show_exceptions.rb:33:in `call'
railties (5.2.0) lib/rails/rack/logger.rb:38:in `call_app'
railties (5.2.0) lib/rails/rack/logger.rb:26:in `block in call'
activesupport (5.2.0) lib/active_support/tagged_logging.rb:71:in `block in tagged'
activesupport (5.2.0) lib/active_support/tagged_logging.rb:28:in `tagged'
activesupport (5.2.0) lib/active_support/tagged_logging.rb:71:in `tagged'
railties (5.2.0) lib/rails/rack/logger.rb:26:in `call'
sprockets-rails (3.2.1) lib/sprockets/rails/quiet_assets.rb:13:in `call'
actionpack (5.2.0) lib/action_dispatch/middleware/remote_ip.rb:81:in `call'
actionpack (5.2.0) lib/action_dispatch/middleware/request_id.rb:27:in `call'
rack (2.0.5) lib/rack/method_override.rb:22:in `call'
rack (2.0.5) lib/rack/runtime.rb:22:in `call'
activesupport (5.2.0) lib/active_support/cache/strategy/local_cache_middleware.rb:29:in `call'
actionpack (5.2.0) lib/action_dispatch/middleware/executor.rb:14:in `call'
actionpack (5.2.0) lib/action_dispatch/middleware/static.rb:127:in `call'
rack (2.0.5) lib/rack/sendfile.rb:111:in `call'
railties (5.2.0) lib/rails/engine.rb:524:in `call'
puma (3.11.4) lib/puma/configuration.rb:225:in `call'
puma (3.11.4) lib/puma/server.rb:632:in `handle_request'
puma (3.11.4) lib/puma/server.rb:446:in `process_client'
puma (3.11.4) lib/puma/server.rb:306:in `block in run'
puma (3.11.4) lib/puma/thread_pool.rb:120:in `block in spawn_thread'
Started GET "/user/1" for 127.0.0.1 at 2018-07-12 14:29:33 -0700
  
ActionController::RoutingError (No route matches [GET] "/user/1"):
  
actionpack (5.2.0) lib/action_dispatch/middleware/debug_exceptions.rb:65:in `call'
web-console (3.6.2) lib/web_console/middleware.rb:135:in `call_app'
web-console (3.6.2) lib/web_console/middleware.rb:30:in `block in call'
web-console (3.6.2) lib/web_console/middleware.rb:20:in `catch'
web-console (3.6.2) lib/web_console/middleware.rb:20:in `call'
actionpack (5.2.0) lib/action_dispatch/middleware/show_exceptions.rb:33:in `call'
railties (5.2.0) lib/rails/rack/logger.rb:38:in `call_app'
railties (5.2.0) lib/rails/rack/logger.rb:26:in `block in call'
activesupport (5.2.0) lib/active_support/tagged_logging.rb:71:in `block in tagged'
activesupport (5.2.0) lib/active_support/tagged_logging.rb:28:in `tagged'
activesupport (5.2.0) lib/active_support/tagged_logging.rb:71:in `tagged'
railties (5.2.0) lib/rails/rack/logger.rb:26:in `call'
sprockets-rails (3.2.1) lib/sprockets/rails/quiet_assets.rb:13:in `call'
actionpack (5.2.0) lib/action_dispatch/middleware/remote_ip.rb:81:in `call'
actionpack (5.2.0) lib/action_dispatch/middleware/request_id.rb:27:in `call'
rack (2.0.5) lib/rack/method_override.rb:22:in `call'
rack (2.0.5) lib/rack/runtime.rb:22:in `call'
activesupport (5.2.0) lib/active_support/cache/strategy/local_cache_middleware.rb:29:in `call'
actionpack (5.2.0) lib/action_dispatch/middleware/executor.rb:14:in `call'
actionpack (5.2.0) lib/action_dispatch/middleware/static.rb:127:in `call'
rack (2.0.5) lib/rack/sendfile.rb:111:in `call'
railties (5.2.0) lib/rails/engine.rb:524:in `call'
puma (3.11.4) lib/puma/configuration.rb:225:in `call'
puma (3.11.4) lib/puma/server.rb:632:in `handle_request'
puma (3.11.4) lib/puma/server.rb:446:in `process_client'
puma (3.11.4) lib/puma/server.rb:306:in `block in run'
puma (3.11.4) lib/puma/thread_pool.rb:120:in `block in spawn_thread'
Started GET "/users/1" for 127.0.0.1 at 2018-07-12 14:29:38 -0700
Processing by UsersController#show as HTML
  Parameters: {"id"=>"1"}
  [1m[36mUser Load (0.6ms)[0m  [1m[34mSELECT  "users".* FROM "users" WHERE "users"."id" = $1 LIMIT $2[0m  [["id", 1], ["LIMIT", 1]]
  ↳ app/controllers/users_controller.rb:20
  Rendering users/show.html.erb within layouts/application
  Rendered users/show.html.erb within layouts/application (0.4ms)
Completed 200 OK in 32ms (Views: 16.9ms | ActiveRecord: 6.2ms)


Started GET "/public/" for 127.0.0.1 at 2018-07-12 14:29:52 -0700
  
ActionController::RoutingError (No route matches [GET] "/public"):
  
actionpack (5.2.0) lib/action_dispatch/middleware/debug_exceptions.rb:65:in `call'
web-console (3.6.2) lib/web_console/middleware.rb:135:in `call_app'
web-console (3.6.2) lib/web_console/middleware.rb:30:in `block in call'
web-console (3.6.2) lib/web_console/middleware.rb:20:in `catch'
web-console (3.6.2) lib/web_console/middleware.rb:20:in `call'
actionpack (5.2.0) lib/action_dispatch/middleware/show_exceptions.rb:33:in `call'
railties (5.2.0) lib/rails/rack/logger.rb:38:in `call_app'
railties (5.2.0) lib/rails/rack/logger.rb:26:in `block in call'
activesupport (5.2.0) lib/active_support/tagged_logging.rb:71:in `block in tagged'
activesupport (5.2.0) lib/active_support/tagged_logging.rb:28:in `tagged'
activesupport (5.2.0) lib/active_support/tagged_logging.rb:71:in `tagged'
railties (5.2.0) lib/rails/rack/logger.rb:26:in `call'
sprockets-rails (3.2.1) lib/sprockets/rails/quiet_assets.rb:13:in `call'
actionpack (5.2.0) lib/action_dispatch/middleware/remote_ip.rb:81:in `call'
actionpack (5.2.0) lib/action_dispatch/middleware/request_id.rb:27:in `call'
rack (2.0.5) lib/rack/method_override.rb:22:in `call'
rack (2.0.5) lib/rack/runtime.rb:22:in `call'
activesupport (5.2.0) lib/active_support/cache/strategy/local_cache_middleware.rb:29:in `call'
actionpack (5.2.0) lib/action_dispatch/middleware/executor.rb:14:in `call'
actionpack (5.2.0) lib/action_dispatch/middleware/static.rb:127:in `call'
rack (2.0.5) lib/rack/sendfile.rb:111:in `call'
railties (5.2.0) lib/rails/engine.rb:524:in `call'
puma (3.11.4) lib/puma/configuration.rb:225:in `call'
puma (3.11.4) lib/puma/server.rb:632:in `handle_request'
puma (3.11.4) lib/puma/server.rb:446:in `process_client'
puma (3.11.4) lib/puma/server.rb:306:in `block in run'
puma (3.11.4) lib/puma/thread_pool.rb:120:in `block in spawn_thread'
Started GET "/sessions/new" for 127.0.0.1 at 2018-07-12 14:29:57 -0700
  
ActionController::RoutingError (No route matches [GET] "/sessions/new"):
  
actionpack (5.2.0) lib/action_dispatch/middleware/debug_exceptions.rb:65:in `call'
web-console (3.6.2) lib/web_console/middleware.rb:135:in `call_app'
web-console (3.6.2) lib/web_console/middleware.rb:30:in `block in call'
web-console (3.6.2) lib/web_console/middleware.rb:20:in `catch'
web-console (3.6.2) lib/web_console/middleware.rb:20:in `call'
actionpack (5.2.0) lib/action_dispatch/middleware/show_exceptions.rb:33:in `call'
railties (5.2.0) lib/rails/rack/logger.rb:38:in `call_app'
railties (5.2.0) lib/rails/rack/logger.rb:26:in `block in call'
activesupport (5.2.0) lib/active_support/tagged_logging.rb:71:in `block in tagged'
activesupport (5.2.0) lib/active_support/tagged_logging.rb:28:in `tagged'
activesupport (5.2.0) lib/active_support/tagged_logging.rb:71:in `tagged'
railties (5.2.0) lib/rails/rack/logger.rb:26:in `call'
sprockets-rails (3.2.1) lib/sprockets/rails/quiet_assets.rb:13:in `call'
actionpack (5.2.0) lib/action_dispatch/middleware/remote_ip.rb:81:in `call'
actionpack (5.2.0) lib/action_dispatch/middleware/request_id.rb:27:in `call'
rack (2.0.5) lib/rack/method_override.rb:22:in `call'
rack (2.0.5) lib/rack/runtime.rb:22:in `call'
activesupport (5.2.0) lib/active_support/cache/strategy/local_cache_middleware.rb:29:in `call'
actionpack (5.2.0) lib/action_dispatch/middleware/executor.rb:14:in `call'
actionpack (5.2.0) lib/action_dispatch/middleware/static.rb:127:in `call'
rack (2.0.5) lib/rack/sendfile.rb:111:in `call'
railties (5.2.0) lib/rails/engine.rb:524:in `call'
puma (3.11.4) lib/puma/configuration.rb:225:in `call'
puma (3.11.4) lib/puma/server.rb:632:in `handle_request'
puma (3.11.4) lib/puma/server.rb:446:in `process_client'
puma (3.11.4) lib/puma/server.rb:306:in `block in run'
puma (3.11.4) lib/puma/thread_pool.rb:120:in `block in spawn_thread'
Started GET "/session/new" for 127.0.0.1 at 2018-07-12 14:30:02 -0700
Processing by SessionsController#new as HTML
  Rendering sessions/new.html.erb within layouts/application
  Rendered users/_form.html.erb (0.3ms)
  Rendered sessions/new.html.erb within layouts/application (1.9ms)
Completed 200 OK in 16ms (Views: 15.5ms | ActiveRecord: 0.0ms)


Started POST "/session/users_url" for 127.0.0.1 at 2018-07-12 14:30:14 -0700
  
ActionController::RoutingError (No route matches [POST] "/session/users_url"):
  
actionpack (5.2.0) lib/action_dispatch/middleware/debug_exceptions.rb:65:in `call'
web-console (3.6.2) lib/web_console/middleware.rb:135:in `call_app'
web-console (3.6.2) lib/web_console/middleware.rb:30:in `block in call'
web-console (3.6.2) lib/web_console/middleware.rb:20:in `catch'
web-console (3.6.2) lib/web_console/middleware.rb:20:in `call'
actionpack (5.2.0) lib/action_dispatch/middleware/show_exceptions.rb:33:in `call'
railties (5.2.0) lib/rails/rack/logger.rb:38:in `call_app'
railties (5.2.0) lib/rails/rack/logger.rb:26:in `block in call'
activesupport (5.2.0) lib/active_support/tagged_logging.rb:71:in `block in tagged'
activesupport (5.2.0) lib/active_support/tagged_logging.rb:28:in `tagged'
activesupport (5.2.0) lib/active_support/tagged_logging.rb:71:in `tagged'
railties (5.2.0) lib/rails/rack/logger.rb:26:in `call'
sprockets-rails (3.2.1) lib/sprockets/rails/quiet_assets.rb:13:in `call'
actionpack (5.2.0) lib/action_dispatch/middleware/remote_ip.rb:81:in `call'
actionpack (5.2.0) lib/action_dispatch/middleware/request_id.rb:27:in `call'
rack (2.0.5) lib/rack/method_override.rb:22:in `call'
rack (2.0.5) lib/rack/runtime.rb:22:in `call'
activesupport (5.2.0) lib/active_support/cache/strategy/local_cache_middleware.rb:29:in `call'
actionpack (5.2.0) lib/action_dispatch/middleware/executor.rb:14:in `call'
actionpack (5.2.0) lib/action_dispatch/middleware/static.rb:127:in `call'
rack (2.0.5) lib/rack/sendfile.rb:111:in `call'
railties (5.2.0) lib/rails/engine.rb:524:in `call'
puma (3.11.4) lib/puma/configuration.rb:225:in `call'
puma (3.11.4) lib/puma/server.rb:632:in `handle_request'
puma (3.11.4) lib/puma/server.rb:446:in `process_client'
puma (3.11.4) lib/puma/server.rb:306:in `block in run'
puma (3.11.4) lib/puma/thread_pool.rb:120:in `block in spawn_thread'
Started POST "/session/users_url" for 127.0.0.1 at 2018-07-12 14:30:54 -0700
  
ActionController::RoutingError (No route matches [POST] "/session/users_url"):
  
actionpack (5.2.0) lib/action_dispatch/middleware/debug_exceptions.rb:65:in `call'
web-console (3.6.2) lib/web_console/middleware.rb:135:in `call_app'
web-console (3.6.2) lib/web_console/middleware.rb:30:in `block in call'
web-console (3.6.2) lib/web_console/middleware.rb:20:in `catch'
web-console (3.6.2) lib/web_console/middleware.rb:20:in `call'
actionpack (5.2.0) lib/action_dispatch/middleware/show_exceptions.rb:33:in `call'
railties (5.2.0) lib/rails/rack/logger.rb:38:in `call_app'
railties (5.2.0) lib/rails/rack/logger.rb:26:in `block in call'
activesupport (5.2.0) lib/active_support/tagged_logging.rb:71:in `block in tagged'
activesupport (5.2.0) lib/active_support/tagged_logging.rb:28:in `tagged'
activesupport (5.2.0) lib/active_support/tagged_logging.rb:71:in `tagged'
railties (5.2.0) lib/rails/rack/logger.rb:26:in `call'
sprockets-rails (3.2.1) lib/sprockets/rails/quiet_assets.rb:13:in `call'
actionpack (5.2.0) lib/action_dispatch/middleware/remote_ip.rb:81:in `call'
actionpack (5.2.0) lib/action_dispatch/middleware/request_id.rb:27:in `call'
rack (2.0.5) lib/rack/method_override.rb:22:in `call'
rack (2.0.5) lib/rack/runtime.rb:22:in `call'
activesupport (5.2.0) lib/active_support/cache/strategy/local_cache_middleware.rb:29:in `call'
actionpack (5.2.0) lib/action_dispatch/middleware/executor.rb:14:in `call'
actionpack (5.2.0) lib/action_dispatch/middleware/static.rb:127:in `call'
rack (2.0.5) lib/rack/sendfile.rb:111:in `call'
railties (5.2.0) lib/rails/engine.rb:524:in `call'
puma (3.11.4) lib/puma/configuration.rb:225:in `call'
puma (3.11.4) lib/puma/server.rb:632:in `handle_request'
puma (3.11.4) lib/puma/server.rb:446:in `process_client'
puma (3.11.4) lib/puma/server.rb:306:in `block in run'
puma (3.11.4) lib/puma/thread_pool.rb:120:in `block in spawn_thread'
Started GET "/session/new" for 127.0.0.1 at 2018-07-12 14:30:57 -0700
Processing by SessionsController#new as HTML
  Rendering sessions/new.html.erb within layouts/application
  Rendered users/_form.html.erb (0.5ms)
  Rendered sessions/new.html.erb within layouts/application (2.8ms)
Completed 200 OK in 22ms (Views: 21.3ms | ActiveRecord: 0.0ms)


Started POST "/session/user_url" for 127.0.0.1 at 2018-07-12 14:31:02 -0700
  
ActionController::RoutingError (No route matches [POST] "/session/user_url"):
  
actionpack (5.2.0) lib/action_dispatch/middleware/debug_exceptions.rb:65:in `call'
web-console (3.6.2) lib/web_console/middleware.rb:135:in `call_app'
web-console (3.6.2) lib/web_console/middleware.rb:30:in `block in call'
web-console (3.6.2) lib/web_console/middleware.rb:20:in `catch'
web-console (3.6.2) lib/web_console/middleware.rb:20:in `call'
actionpack (5.2.0) lib/action_dispatch/middleware/show_exceptions.rb:33:in `call'
railties (5.2.0) lib/rails/rack/logger.rb:38:in `call_app'
railties (5.2.0) lib/rails/rack/logger.rb:26:in `block in call'
activesupport (5.2.0) lib/active_support/tagged_logging.rb:71:in `block in tagged'
activesupport (5.2.0) lib/active_support/tagged_logging.rb:28:in `tagged'
activesupport (5.2.0) lib/active_support/tagged_logging.rb:71:in `tagged'
railties (5.2.0) lib/rails/rack/logger.rb:26:in `call'
sprockets-rails (3.2.1) lib/sprockets/rails/quiet_assets.rb:13:in `call'
actionpack (5.2.0) lib/action_dispatch/middleware/remote_ip.rb:81:in `call'
actionpack (5.2.0) lib/action_dispatch/middleware/request_id.rb:27:in `call'
rack (2.0.5) lib/rack/method_override.rb:22:in `call'
rack (2.0.5) lib/rack/runtime.rb:22:in `call'
activesupport (5.2.0) lib/active_support/cache/strategy/local_cache_middleware.rb:29:in `call'
actionpack (5.2.0) lib/action_dispatch/middleware/executor.rb:14:in `call'
actionpack (5.2.0) lib/action_dispatch/middleware/static.rb:127:in `call'
rack (2.0.5) lib/rack/sendfile.rb:111:in `call'
railties (5.2.0) lib/rails/engine.rb:524:in `call'
puma (3.11.4) lib/puma/configuration.rb:225:in `call'
puma (3.11.4) lib/puma/server.rb:632:in `handle_request'
puma (3.11.4) lib/puma/server.rb:446:in `process_client'
puma (3.11.4) lib/puma/server.rb:306:in `block in run'
puma (3.11.4) lib/puma/thread_pool.rb:120:in `block in spawn_thread'
Started GET "/users/1" for 127.0.0.1 at 2018-07-12 14:31:44 -0700
Processing by UsersController#show as HTML
  Parameters: {"id"=>"1"}
  [1m[36mUser Load (0.4ms)[0m  [1m[34mSELECT  "users".* FROM "users" WHERE "users"."id" = $1 LIMIT $2[0m  [["id", 1], ["LIMIT", 1]]
  ↳ app/controllers/users_controller.rb:20
  Rendering users/show.html.erb within layouts/application
  Rendered users/show.html.erb within layouts/application (0.4ms)
Completed 200 OK in 21ms (Views: 18.9ms | ActiveRecord: 0.4ms)


Started GET "/session/new" for 127.0.0.1 at 2018-07-12 14:32:37 -0700
Processing by SessionsController#new as HTML
  Rendering sessions/new.html.erb within layouts/application
  Rendered users/_form.html.erb (0.9ms)
  Rendered sessions/new.html.erb within layouts/application (3.4ms)
Completed 200 OK in 22ms (Views: 21.8ms | ActiveRecord: 0.0ms)


Started POST "/users" for 127.0.0.1 at 2018-07-12 14:32:43 -0700
Processing by UsersController#create as HTML
  Parameters: {"user"=>{"email"=>"rich@rich.io", "password"=>"[FILTERED]"}}
Can't verify CSRF token authenticity.
Completed 422 Unprocessable Entity in 1ms (ActiveRecord: 0.0ms)



ActionController::InvalidAuthenticityToken - ActionController::InvalidAuthenticityToken:

Started POST "/__better_errors/9db19983a559ae3b/variables" for 127.0.0.1 at 2018-07-12 14:32:43 -0700
